<?xml version="1.0" encoding="UTF-8"?>
<!-- Generated by org.testng.reporters.JUnitXMLReporter -->
<testsuite ignored="0" hostname="Girish-OTBT" failures="0" tests="3" name="Command line test" time="0.05" errors="0" timestamp="2022-07-07T20:57:08 IST">
  <testcase classname="Optimus.eContracts.ATest" name="test1" time="0.005"/>
  <testcase classname="Optimus.eContracts.BTest" name="test1" time="0.0"/>
  <testcase classname="Optimus.eContracts.ETest" name="test1" time="0.001"/>
</testsuite> <!-- Command line test -->
