<?xml version="1.0" encoding="UTF-8"?>
<testng-results ignored="0" total="3" passed="3" failed="0" skipped="0">
  <reporter-output>
  </reporter-output>
  <suite started-at="2022-07-07T20:57:08 IST" name="Command line suite" finished-at="2022-07-07T20:57:08 IST" duration-ms="50">
    <groups>
    </groups>
    <test started-at="2022-07-07T20:57:08 IST" name="Command line test" finished-at="2022-07-07T20:57:08 IST" duration-ms="50">
      <class name="Optimus.eContracts.ATest">
        <test-method signature="test1()[pri:0, instance:Optimus.eContracts.ATest@e720b71]" started-at="2022-07-07T20:57:08 IST" name="test1" finished-at="2022-07-07T20:57:08 IST" duration-ms="5" status="PASS">
          <reporter-output>
          </reporter-output>
        </test-method> <!-- test1 -->
      </class> <!-- Optimus.eContracts.ATest -->
      <class name="Optimus.eContracts.BTest">
        <test-method signature="test1()[pri:0, instance:Optimus.eContracts.BTest@1b26f7b2]" started-at="2022-07-07T20:57:08 IST" name="test1" finished-at="2022-07-07T20:57:08 IST" duration-ms="0" status="PASS">
          <reporter-output>
          </reporter-output>
        </test-method> <!-- test1 -->
      </class> <!-- Optimus.eContracts.BTest -->
      <class name="Optimus.eContracts.ETest">
        <test-method signature="test1()[pri:0, instance:Optimus.eContracts.ETest@491cc5c9]" started-at="2022-07-07T20:57:08 IST" name="test1" finished-at="2022-07-07T20:57:08 IST" duration-ms="1" status="PASS">
          <reporter-output>
          </reporter-output>
        </test-method> <!-- test1 -->
      </class> <!-- Optimus.eContracts.ETest -->
    </test> <!-- Command line test -->
  </suite> <!-- Command line suite -->
</testng-results>
